[I 2024-09-09 11:39:17.261 ServerApp] jupyter_lsp | extension was successfully linked.
[I 2024-09-09 11:39:17.297 ServerApp] jupyter_server_terminals | extension was successfully linked.
[I 2024-09-09 11:39:17.309 ServerApp] jupyterlab | extension was successfully linked.
[I 2024-09-09 11:39:17.335 ServerApp] notebook | extension was successfully linked.
[I 2024-09-09 11:39:17.361 ServerApp] Writing Jupyter server cookie secret to /home/lasige.di.fc.ul.pt/damaral/.local/share/jupyter/runtime/jupyter_cookie_secret
[I 2024-09-09 11:39:18.419 ServerApp] notebook_shim | extension was successfully linked.
[I 2024-09-09 11:39:18.528 ServerApp] notebook_shim | extension was successfully loaded.
[I 2024-09-09 11:39:18.548 ServerApp] jupyter_lsp | extension was successfully loaded.
[I 2024-09-09 11:39:18.550 ServerApp] jupyter_server_terminals | extension was successfully loaded.
[I 2024-09-09 11:39:18.573 LabApp] JupyterLab extension loaded from /home/lasige.di.fc.ul.pt/damaral/.local/lib/python3.8/site-packages/jupyterlab
[I 2024-09-09 11:39:18.573 LabApp] JupyterLab application directory is /home/lasige.di.fc.ul.pt/damaral/.local/share/jupyter/lab
[I 2024-09-09 11:39:18.575 LabApp] Extension Manager is 'pypi'.
[I 2024-09-09 11:39:18.618 ServerApp] jupyterlab | extension was successfully loaded.
[I 2024-09-09 11:39:18.644 ServerApp] notebook | extension was successfully loaded.
[I 2024-09-09 11:39:18.645 ServerApp] Serving notebooks from local directory: /home/lasige.di.fc.ul.pt/damaral/Alzheimer/Alzheimer/code
[I 2024-09-09 11:39:18.646 ServerApp] Jupyter Server 2.14.2 is running at:
[I 2024-09-09 11:39:18.646 ServerApp] http://localhost:8888/tree?token=349c9e296ec862db6924a78ac6b81d86acaa71b9b9df77ca
[I 2024-09-09 11:39:18.646 ServerApp]     http://127.0.0.1:8888/tree?token=349c9e296ec862db6924a78ac6b81d86acaa71b9b9df77ca
[I 2024-09-09 11:39:18.646 ServerApp] Use Control-C to stop this server and shut down all kernels (twice to skip confirmation).
[C 2024-09-09 11:39:18.683 ServerApp] 
    
    To access the server, open this file in a browser:
        file:///home/lasige.di.fc.ul.pt/damaral/.local/share/jupyter/runtime/jpserver-784953-open.html
    Or copy and paste one of these URLs:
        http://localhost:8888/tree?token=349c9e296ec862db6924a78ac6b81d86acaa71b9b9df77ca
        http://127.0.0.1:8888/tree?token=349c9e296ec862db6924a78ac6b81d86acaa71b9b9df77ca
[I 2024-09-09 11:39:18.833 ServerApp] Skipped non-installed server(s): bash-language-server, dockerfile-language-server-nodejs, javascript-typescript-langserver, jedi-language-server, julia-language-server, pyright, python-language-server, python-lsp-server, r-languageserver, sql-language-server, texlab, typescript-language-server, unified-language-server, vscode-css-languageserver-bin, vscode-html-languageserver-bin, vscode-json-languageserver-bin, yaml-language-server
[I 2024-09-09 11:40:08.090 ServerApp] jupyter_lsp | extension was successfully linked.
[I 2024-09-09 11:40:08.100 ServerApp] jupyter_server_terminals | extension was successfully linked.
[I 2024-09-09 11:40:08.112 ServerApp] jupyterlab | extension was successfully linked.
[I 2024-09-09 11:40:08.124 ServerApp] notebook | extension was successfully linked.
[I 2024-09-09 11:40:08.661 ServerApp] notebook_shim | extension was successfully linked.
[I 2024-09-09 11:40:08.713 ServerApp] notebook_shim | extension was successfully loaded.
[I 2024-09-09 11:40:08.719 ServerApp] jupyter_lsp | extension was successfully loaded.
[I 2024-09-09 11:40:08.722 ServerApp] jupyter_server_terminals | extension was successfully loaded.
[I 2024-09-09 11:40:08.726 LabApp] JupyterLab extension loaded from /home/lasige.di.fc.ul.pt/damaral/.local/lib/python3.8/site-packages/jupyterlab
[I 2024-09-09 11:40:08.726 LabApp] JupyterLab application directory is /home/lasige.di.fc.ul.pt/damaral/.local/share/jupyter/lab
[I 2024-09-09 11:40:08.728 LabApp] Extension Manager is 'pypi'.
[I 2024-09-09 11:40:08.755 ServerApp] jupyterlab | extension was successfully loaded.
[I 2024-09-09 11:40:08.765 ServerApp] notebook | extension was successfully loaded.
[I 2024-09-09 11:40:08.766 ServerApp] The port 8888 is already in use, trying another port.
[I 2024-09-09 11:40:08.768 ServerApp] Serving notebooks from local directory: /home/lasige.di.fc.ul.pt/damaral/Alzheimer/Alzheimer/code
[I 2024-09-09 11:40:08.769 ServerApp] Jupyter Server 2.14.2 is running at:
[I 2024-09-09 11:40:08.769 ServerApp] http://localhost:8889/tree?token=3190f785ec9cfc0064ab915d8f205a16d0b1cd595e048ff2
[I 2024-09-09 11:40:08.769 ServerApp]     http://127.0.0.1:8889/tree?token=3190f785ec9cfc0064ab915d8f205a16d0b1cd595e048ff2
[I 2024-09-09 11:40:08.770 ServerApp] Use Control-C to stop this server and shut down all kernels (twice to skip confirmation).
[C 2024-09-09 11:40:08.777 ServerApp] 
    
    To access the server, open this file in a browser:
        file:///home/lasige.di.fc.ul.pt/damaral/.local/share/jupyter/runtime/jpserver-785052-open.html
    Or copy and paste one of these URLs:
        http://localhost:8889/tree?token=3190f785ec9cfc0064ab915d8f205a16d0b1cd595e048ff2
        http://127.0.0.1:8889/tree?token=3190f785ec9cfc0064ab915d8f205a16d0b1cd595e048ff2
[I 2024-09-09 11:40:08.820 ServerApp] Skipped non-installed server(s): bash-language-server, dockerfile-language-server-nodejs, javascript-typescript-langserver, jedi-language-server, julia-language-server, pyright, python-language-server, python-lsp-server, r-languageserver, sql-language-server, texlab, typescript-language-server, unified-language-server, vscode-css-languageserver-bin, vscode-html-languageserver-bin, vscode-json-languageserver-bin, yaml-language-server
